Started GET "/" for ::1 at 2019-05-28 14:26:38 -0400

PG::ConnectionBad - FATAL:  database "AirDnD_development" does not exist
:

Started POST "/__better_errors/cd4bbf4d7e1efd9c/variables" for ::1 at 2019-05-28 14:26:38 -0400
Started GET "/" for ::1 at 2019-05-28 14:27:03 -0400

PG::ConnectionBad - FATAL:  database "AirDnD_development" does not exist
:

Started POST "/__better_errors/dc5d15d0d88c4c49/variables" for ::1 at 2019-05-28 14:27:03 -0400
  [1m[35m (529.4ms)[0m  [1m[35mCREATE DATABASE "AirDnD_development" ENCODING = 'unicode'[0m
  ↳ bin/rails:9
  [1m[35m (384.2ms)[0m  [1m[35mCREATE DATABASE "AirDnD_test" ENCODING = 'unicode'[0m
  ↳ bin/rails:9
Started GET "/" for ::1 at 2019-05-28 14:27:48 -0400
Processing by Rails::WelcomeController#index as HTML
  Rendering /Users/macbookpro/.rbenv/versions/2.5.1/lib/ruby/gems/2.5.0/gems/railties-5.2.3/lib/rails/templates/rails/welcome/index.html.erb
  Rendered /Users/macbookpro/.rbenv/versions/2.5.1/lib/ruby/gems/2.5.0/gems/railties-5.2.3/lib/rails/templates/rails/welcome/index.html.erb (2.6ms)
Completed 200 OK in 13ms (Views: 8.2ms | ActiveRecord: 0.0ms)


Started GET "/" for ::1 at 2019-05-28 14:28:31 -0400
Processing by Rails::WelcomeController#index as HTML
  Rendering /Users/macbookpro/.rbenv/versions/2.5.1/lib/ruby/gems/2.5.0/gems/railties-5.2.3/lib/rails/templates/rails/welcome/index.html.erb
  Rendered /Users/macbookpro/.rbenv/versions/2.5.1/lib/ruby/gems/2.5.0/gems/railties-5.2.3/lib/rails/templates/rails/welcome/index.html.erb (1.9ms)
Completed 200 OK in 9ms (Views: 5.8ms | ActiveRecord: 0.0ms)


Started GET "/" for ::1 at 2019-05-28 14:30:32 -0400

LoadError - Unable to autoload constant StaticPagesController, expected /Users/macbookpro/Desktop/AirDnD/app/controllers/static_pages_controller.rb to define it:

Started POST "/__better_errors/2b94778217e2ba06/variables" for ::1 at 2019-05-28 14:30:32 -0400
Started GET "/" for ::1 at 2019-05-28 14:32:10 -0400
Processing by StaticPagesController#root as HTML
  Rendering static_pages/root.html.erb within layouts/application
  Rendered static_pages/root.html.erb within layouts/application (0.3ms)
Completed 200 OK in 1780ms (Views: 1778.1ms | ActiveRecord: 0.0ms)


Started GET "/" for ::1 at 2019-05-28 14:44:01 -0400
Processing by StaticPagesController#root as HTML
  Rendering static_pages/root.html.erb within layouts/application
  Rendered static_pages/root.html.erb within layouts/application (0.7ms)
Completed 200 OK in 1528ms (Views: 1525.8ms | ActiveRecord: 0.0ms)


  [1m[35m (15.2ms)[0m  [1m[35mCREATE TABLE "schema_migrations" ("version" character varying NOT NULL PRIMARY KEY)[0m
  ↳ bin/rails:9
  [1m[35m (44.7ms)[0m  [1m[35mCREATE TABLE "ar_internal_metadata" ("key" character varying NOT NULL PRIMARY KEY, "value" character varying, "created_at" timestamp NOT NULL, "updated_at" timestamp NOT NULL)[0m
  ↳ bin/rails:9
  [1m[35m (1.0ms)[0m  [1m[34mSELECT pg_try_advisory_lock(7961790138206322180)[0m
  ↳ bin/rails:9
  [1m[35m (0.7ms)[0m  [1m[34mSELECT "schema_migrations"."version" FROM "schema_migrations" ORDER BY "schema_migrations"."version" ASC[0m
  ↳ bin/rails:9
Migrating to CreateUsers (20190528184455)
  [1m[35m (0.2ms)[0m  [1m[35mBEGIN[0m
  ↳ bin/rails:9
  [1m[35m (47.1ms)[0m  [1m[35mCREATE TABLE "users" ("id" bigserial primary key, "email" character varying NOT NULL, "password_digest" character varying NOT NULL, "session_token" character varying NOT NULL, "first_name" character varying NOT NULL, "last_name" character varying NOT NULL, "img_url" character varying, "birthday" date NOT NULL, "created_at" timestamp NOT NULL, "updated_at" timestamp NOT NULL)[0m
  ↳ db/migrate/20190528184455_create_users.rb:3
  [1m[35m (2.1ms)[0m  [1m[35mCREATE  INDEX  "index_users_on_email" ON "users"  ("email")[0m
  ↳ db/migrate/20190528184455_create_users.rb:16
  [1m[35m (0.9ms)[0m  [1m[35mCREATE  INDEX  "index_users_on_session_token" ON "users"  ("session_token")[0m
  ↳ db/migrate/20190528184455_create_users.rb:17
  [1m[36mActiveRecord::SchemaMigration Create (0.4ms)[0m  [1m[32mINSERT INTO "schema_migrations" ("version") VALUES ($1) RETURNING "version"[0m  [["version", "20190528184455"]]
  ↳ bin/rails:9
  [1m[35m (0.4ms)[0m  [1m[35mCOMMIT[0m
  ↳ bin/rails:9
  [1m[36mActiveRecord::InternalMetadata Load (0.4ms)[0m  [1m[34mSELECT  "ar_internal_metadata".* FROM "ar_internal_metadata" WHERE "ar_internal_metadata"."key" = $1 LIMIT $2[0m  [["key", "environment"], ["LIMIT", 1]]
  ↳ bin/rails:9
  [1m[35m (0.1ms)[0m  [1m[35mBEGIN[0m
  ↳ bin/rails:9
  [1m[36mActiveRecord::InternalMetadata Create (0.4ms)[0m  [1m[32mINSERT INTO "ar_internal_metadata" ("key", "value", "created_at", "updated_at") VALUES ($1, $2, $3, $4) RETURNING "key"[0m  [["key", "environment"], ["value", "development"], ["created_at", "2019-05-28 18:53:18.867270"], ["updated_at", "2019-05-28 18:53:18.867270"]]
  ↳ bin/rails:9
  [1m[35m (40.6ms)[0m  [1m[35mCOMMIT[0m
  ↳ bin/rails:9
  [1m[35m (0.5ms)[0m  [1m[34mSELECT pg_advisory_unlock(7961790138206322180)[0m
  ↳ bin/rails:9
  [1m[35m (0.5ms)[0m  [1m[34mSELECT "schema_migrations"."version" FROM "schema_migrations" ORDER BY "schema_migrations"."version" ASC[0m
  ↳ bin/rails:9
